0 info it worked if it ends with ok
1 verbose cli [ 'C:\\Program Files (x86)\\nodejs\\node.exe',
1 verbose cli   'C:\\Program Files (x86)\\nodejs\\node_modules\\npm\\bin\\npm-cli.js',
1 verbose cli   'start' ]
2 info using npm@3.10.10
3 info using node@v6.10.3
4 verbose run-script [ 'prestart', 'start', 'poststart' ]
5 info lifecycle PeerbudsFrontEnd@1.0.0~prestart: PeerbudsFrontEnd@1.0.0
6 silly lifecycle PeerbudsFrontEnd@1.0.0~prestart: no script for prestart, continuing
7 info lifecycle PeerbudsFrontEnd@1.0.0~start: PeerbudsFrontEnd@1.0.0
8 verbose lifecycle PeerbudsFrontEnd@1.0.0~start: unsafe-perm in lifecycle true
9 verbose lifecycle PeerbudsFrontEnd@1.0.0~start: PATH: C:\Program Files (x86)\nodejs\node_modules\npm\bin\node-gyp-bin;D:\Projects\peerbuds\Peerbuds-Angular2\peerbuds-client\node_modules\.bin;C:\Ruby24-x64\bin;C:\Windows\system32;C:\Windows;C:\Windows\System32\Wbem;C:\Windows\System32\WindowsPowerShell\v1.0\;C:\Program Files\TortoiseSVN\bin;C:\Program Files\Java\jdk1.7.0_71\bin;C:\Program Files\Apache Software\apache-maven-3.2.3\bin;C:\Program Files (x86)\MySQL\MySQL Fabric 1.5.2 & MySQL Utilities 1.5.2 1.5\;C:\Program Files (x86)\MySQL\MySQL Fabric 1.5.2 & MySQL Utilities 1.5.2 1.5\Doctrine extensions for PHP\;C:\Program Files\Git\cmd;C:\Program Files (x86)\Skype\Phone\;C:\Program Files (x86)\nodejs\;C:\Users\mohit.taunk\AppData\Roaming\npm;C:\Program Files (x86)\Microsoft VS Code\bin
10 verbose lifecycle PeerbudsFrontEnd@1.0.0~start: CWD: D:\Projects\peerbuds\Peerbuds-Angular2\peerbuds-client
11 silly lifecycle PeerbudsFrontEnd@1.0.0~start: Args: [ '/d /s /c', 'npm run server:dev' ]
12 silly lifecycle PeerbudsFrontEnd@1.0.0~start: Returned: code: 1  signal: null
13 info lifecycle PeerbudsFrontEnd@1.0.0~start: Failed to exec start script
14 verbose stack Error: PeerbudsFrontEnd@1.0.0 start: `npm run server:dev`
14 verbose stack Exit status 1
14 verbose stack     at EventEmitter.<anonymous> (C:\Program Files (x86)\nodejs\node_modules\npm\lib\utils\lifecycle.js:255:16)
14 verbose stack     at emitTwo (events.js:106:13)
14 verbose stack     at EventEmitter.emit (events.js:191:7)
14 verbose stack     at ChildProcess.<anonymous> (C:\Program Files (x86)\nodejs\node_modules\npm\lib\utils\spawn.js:40:14)
14 verbose stack     at emitTwo (events.js:106:13)
14 verbose stack     at ChildProcess.emit (events.js:191:7)
14 verbose stack     at maybeClose (internal/child_process.js:886:16)
14 verbose stack     at Process.ChildProcess._handle.onexit (internal/child_process.js:226:5)
15 verbose pkgid PeerbudsFrontEnd@1.0.0
16 verbose cwd D:\Projects\peerbuds\Peerbuds-Angular2\peerbuds-client\src
17 error Windows_NT 6.1.7601
18 error argv "C:\\Program Files (x86)\\nodejs\\node.exe" "C:\\Program Files (x86)\\nodejs\\node_modules\\npm\\bin\\npm-cli.js" "start"
19 error node v6.10.3
20 error npm  v3.10.10
21 error code ELIFECYCLE
22 error PeerbudsFrontEnd@1.0.0 start: `npm run server:dev`
22 error Exit status 1
23 error Failed at the PeerbudsFrontEnd@1.0.0 start script 'npm run server:dev'.
23 error Make sure you have the latest version of node.js and npm installed.
23 error If you do, this is most likely a problem with the PeerbudsFrontEnd package,
23 error not with npm itself.
23 error Tell the author that this fails on your system:
23 error     npm run server:dev
23 error You can get information on how to open an issue for this project with:
23 error     npm bugs PeerbudsFrontEnd
23 error Or if that isn't available, you can get their info via:
23 error     npm owner ls PeerbudsFrontEnd
23 error There is likely additional logging output above.
24 verbose exit [ 1, true ]
